This is pdfTeX, Version 3.14159265-2.6-1.40.18 (MiKTeX 2.9.6500) (preloaded format=pdflatex 2018.1.30)  20 OCT 2019 11:09
entering extended mode
**./FlowGAN-IJRA.tex
(FlowGAN-IJRA.tex
LaTeX2e <2017-04-15>
Babel <3.17> and hyphenation patterns for 1 language(s) loaded.
(/usr/local/share/miktex-texmf/tex/latex/base/article.cls
Document Class: article 2014/09/29 v1.4h Standard LaTeX document class
(/usr/local/share/miktex-texmf/tex/latex/base/size12.clo
File: size12.clo 2014/09/29 v1.4h Standard LaTeX file (size option)
)
\c@part=\count79
\c@section=\count80
\c@subsection=\count81
\c@subsubsection=\count82
\c@paragraph=\count83
\c@subparagraph=\count84
\c@figure=\count85
\c@table=\count86
\abovecaptionskip=\skip41
\belowcaptionskip=\skip42
\bibindent=\dimen102
)
(/usr/local/share/miktex-texmf/tex/latex/psnfss/times.sty
Package: times 2005/04/12 PSNFSS-v9.2a (SPQR) 
)
(/usr/local/share/miktex-texmf/tex/latex/geometry/geometry.sty
Package: geometry 2010/09/12 v5.6 Page Geometry

(/usr/local/share/miktex-texmf/tex/latex/graphics/keyval.sty
Package: keyval 2014/10/28 v1.15 key=value parser (DPC)
\KV@toks@=\toks14
)
(/usr/local/share/miktex-texmf/tex/generic/oberdiek/ifpdf.sty
Package: ifpdf 2017/03/15 v3.2 Provides the ifpdf switch
)
(/usr/local/share/miktex-texmf/tex/generic/oberdiek/ifvtex.sty
Package: ifvtex 2016/05/16 v1.6 Detect VTeX and its facilities (HO)
Package ifvtex Info: VTeX not detected.
)
(/usr/local/share/miktex-texmf/tex/generic/ifxetex/ifxetex.sty
Package: ifxetex 2010/09/12 v0.6 Provides ifxetex conditional
)
\Gm@cnth=\count87
\Gm@cntv=\count88
\c@Gm@tempcnt=\count89
\Gm@bindingoffset=\dimen103
\Gm@wd@mp=\dimen104
\Gm@odd@mp=\dimen105
\Gm@even@mp=\dimen106
\Gm@layoutwidth=\dimen107
\Gm@layoutheight=\dimen108
\Gm@layouthoffset=\dimen109
\Gm@layoutvoffset=\dimen110
\Gm@dimlist=\toks15

(/usr/local/share/miktex-texmf/tex/latex/geometry/geometry.cfg))
(/usr/local/share/miktex-texmf/tex/latex/graphics/graphicx.sty
Package: graphicx 2017/06/01 v1.1a Enhanced LaTeX Graphics (DPC,SPQR)

(/usr/local/share/miktex-texmf/tex/latex/graphics/graphics.sty
Package: graphics 2017/06/25 v1.2c Standard LaTeX Graphics (DPC,SPQR)

(/usr/local/share/miktex-texmf/tex/latex/graphics/trig.sty
Package: trig 2016/01/03 v1.10 sin cos tan (DPC)
)
(/usr/local/share/miktex-texmf/tex/latex/graphics-cfg/graphics.cfg
File: graphics.cfg 2016/06/04 v1.11 sample graphics configuration
)
Package graphics Info: Driver file: pdftex.def on input line 99.

(/usr/local/share/miktex-texmf/tex/latex/graphics-def/pdftex.def
File: pdftex.def 2018/01/08 v1.0l Graphics/color driver for pdftex
))
\Gin@req@height=\dimen111
\Gin@req@width=\dimen112
)
(/Users/blueboy/.miktex/texmfs/install/tex/latex/cite/cite.sty
LaTeX Info: Redefining \cite on input line 302.
LaTeX Info: Redefining \nocite on input line 332.
Package: cite 2015/02/27  v 5.5
)
(/usr/local/share/miktex-texmf/tex/latex/amsmath/amsmath.sty
Package: amsmath 2017/09/02 v2.17a AMS math features
\@mathmargin=\skip43

For additional information on amsmath, use the `?' option.
(/usr/local/share/miktex-texmf/tex/latex/amsmath/amstext.sty
Package: amstext 2000/06/29 v2.01 AMS text

(/usr/local/share/miktex-texmf/tex/latex/amsmath/amsgen.sty
File: amsgen.sty 1999/11/30 v2.0 generic functions
\@emptytoks=\toks16
\ex@=\dimen113
))
(/usr/local/share/miktex-texmf/tex/latex/amsmath/amsbsy.sty
Package: amsbsy 1999/11/29 v1.2d Bold Symbols
\pmbraise@=\dimen114
)
(/usr/local/share/miktex-texmf/tex/latex/amsmath/amsopn.sty
Package: amsopn 2016/03/08 v2.02 operator names
)
\inf@bad=\count90
LaTeX Info: Redefining \frac on input line 213.
\uproot@=\count91
\leftroot@=\count92
LaTeX Info: Redefining \overline on input line 375.
\classnum@=\count93
\DOTSCASE@=\count94
LaTeX Info: Redefining \ldots on input line 472.
LaTeX Info: Redefining \dots on input line 475.
LaTeX Info: Redefining \cdots on input line 596.
\Mathstrutbox@=\box26
\strutbox@=\box27
\big@size=\dimen115
LaTeX Font Info:    Redeclaring font encoding OML on input line 712.
LaTeX Font Info:    Redeclaring font encoding OMS on input line 713.
\macc@depth=\count95
\c@MaxMatrixCols=\count96
\dotsspace@=\muskip10
\c@parentequation=\count97
\dspbrk@lvl=\count98
\tag@help=\toks17
\row@=\count99
\column@=\count100
\maxfields@=\count101
\andhelp@=\toks18
\eqnshift@=\dimen116
\alignsep@=\dimen117
\tagshift@=\dimen118
\tagwidth@=\dimen119
\totwidth@=\dimen120
\lineht@=\dimen121
\@envbody=\toks19
\multlinegap=\skip44
\multlinetaggap=\skip45
\mathdisplay@stack=\toks20
LaTeX Info: Redefining \[ on input line 2817.
LaTeX Info: Redefining \] on input line 2818.
)
(/Users/blueboy/.miktex/texmfs/install/tex/latex/titlesec/titlesec.sty
Package: titlesec 2016/03/21 v2.10.2 Sectioning titles
\ttl@box=\box28
\beforetitleunit=\skip46
\aftertitleunit=\skip47
\ttl@plus=\dimen122
\ttl@minus=\dimen123
\ttl@toksa=\toks21
\titlewidth=\dimen124
\titlewidthlast=\dimen125
\titlewidthfirst=\dimen126
)
(/Users/blueboy/.miktex/texmfs/install/tex/latex/natbib/natbib.sty
Package: natbib 2010/09/13 8.31b (PWD, AO)


Package natbib Warning: The `cite' package should not be used
(natbib)                with natbib. Use option `sort' instead.

\bibhang=\skip48
\bibsep=\skip49
LaTeX Info: Redefining \cite on input line 694.
LaTeX Info: Redefining \citenum on input line 708.
\c@NAT@ctr=\count102
) (/usr/local/share/miktex-texmf/tex/latex/graphics/color.sty
Package: color 2016/07/10 v1.1e Standard LaTeX Color (DPC)

(/usr/local/share/miktex-texmf/tex/latex/graphics-cfg/color.cfg
File: color.cfg 2016/01/02 v1.6 sample color configuration
)
Package color Info: Driver file: pdftex.def on input line 147.
)
(/Users/blueboy/.miktex/texmfs/install/tex/latex/url/url.sty
\Urlmuskip=\muskip11
Package: url 2013/09/16  ver 3.4  Verb mode for urls, etc.
)
(/usr/local/share/miktex-texmf/tex/latex/tools/multicol.sty
Package: multicol 2017/04/11 v1.8q multicolumn formatting (FMi)
\c@tracingmulticols=\count103
\mult@box=\box29
\multicol@leftmargin=\dimen127
\c@unbalance=\count104
\c@collectmore=\count105
\doublecol@number=\count106
\multicoltolerance=\count107
\multicolpretolerance=\count108
\full@width=\dimen128
\page@free=\dimen129
\premulticols=\dimen130
\postmulticols=\dimen131
\multicolsep=\skip50
\multicolbaselineskip=\skip51
\partial@page=\box30
\last@line=\box31
\maxbalancingoverflow=\dimen132
\mult@rightbox=\box32
\mult@grightbox=\box33
\mult@gfirstbox=\box34
\mult@firstbox=\box35
\@tempa=\box36
\@tempa=\box37
\@tempa=\box38
\@tempa=\box39
\@tempa=\box40
\@tempa=\box41
\@tempa=\box42
\@tempa=\box43
\@tempa=\box44
\@tempa=\box45
\@tempa=\box46
\@tempa=\box47
\@tempa=\box48
\@tempa=\box49
\@tempa=\box50
\@tempa=\box51
\@tempa=\box52
\c@columnbadness=\count109
\c@finalcolumnbadness=\count110
\last@try=\dimen133
\multicolovershoot=\dimen134
\multicolundershoot=\dimen135
\mult@nat@firstbox=\box53
\colbreak@box=\box54
\mc@col@check@num=\count111
)
(/usr/local/share/miktex-texmf/tex/latex/multirow/multirow.sty
Package: multirow 2016/11/25 v2.2 Span multiple rows of a table
\multirow@colwidth=\skip52
\multirow@cntb=\count112
\multirow@dima=\skip53
\bigstrutjot=\dimen136
)
(/Users/blueboy/.miktex/texmfs/install/tex/latex/booktabs/booktabs.sty
Package: booktabs 2005/04/14 v1.61803 publication quality tables
\heavyrulewidth=\dimen137
\lightrulewidth=\dimen138
\cmidrulewidth=\dimen139
\belowrulesep=\dimen140
\belowbottomsep=\dimen141
\aboverulesep=\dimen142
\abovetopsep=\dimen143
\cmidrulesep=\dimen144
\cmidrulekern=\dimen145
\defaultaddspace=\dimen146
\@cmidla=\count113
\@cmidlb=\count114
\@aboverulesep=\dimen147
\@belowrulesep=\dimen148
\@thisruleclass=\count115
\@lastruleclass=\count116
\@thisrulewidth=\dimen149
)
(/Users/blueboy/.miktex/texmfs/install/tex/latex/threeparttable/threeparttable.
sty
Package: threeparttable 2003/06/13  v 3.0
\@tempboxb=\box55
) (/usr/local/share/miktex-texmf/tex/latex/hyperref/hyperref.sty
Package: hyperref 2017/03/14 v6.85a Hypertext links for LaTeX

(/usr/local/share/miktex-texmf/tex/generic/oberdiek/hobsub-hyperref.sty
Package: hobsub-hyperref 2016/05/16 v1.14 Bundle oberdiek, subset hyperref (HO)


(/usr/local/share/miktex-texmf/tex/generic/oberdiek/hobsub-generic.sty
Package: hobsub-generic 2016/05/16 v1.14 Bundle oberdiek, subset generic (HO)
Package: hobsub 2016/05/16 v1.14 Construct package bundles (HO)
Package: infwarerr 2016/05/16 v1.4 Providing info/warning/error messages (HO)
Package: ltxcmds 2016/05/16 v1.23 LaTeX kernel commands for general use (HO)
Package: ifluatex 2016/05/16 v1.4 Provides the ifluatex switch (HO)
Package ifluatex Info: LuaTeX not detected.
Package hobsub Info: Skipping package `ifvtex' (already loaded).
Package: intcalc 2016/05/16 v1.2 Expandable calculations with integers (HO)
Package hobsub Info: Skipping package `ifpdf' (already loaded).
Package: etexcmds 2016/05/16 v1.6 Avoid name clashes with e-TeX commands (HO)
Package etexcmds Info: Could not find \expanded.
(etexcmds)             That can mean that you are not using pdfTeX 1.50 or
(etexcmds)             that some package has redefined \expanded.
(etexcmds)             In the latter case, load this package earlier.
Package: kvsetkeys 2016/05/16 v1.17 Key value parser (HO)
Package: kvdefinekeys 2016/05/16 v1.4 Define keys (HO)
Package: pdftexcmds 2018/01/21 v0.26 Utility functions of pdfTeX for LuaTeX (HO
)
Package pdftexcmds Info: LuaTeX not detected.
Package pdftexcmds Info: \pdf@primitive is available.
Package pdftexcmds Info: \pdf@ifprimitive is available.
Package pdftexcmds Info: \pdfdraftmode found.
Package: pdfescape 2016/05/16 v1.14 Implements pdfTeX's escape features (HO)
Package: bigintcalc 2016/05/16 v1.4 Expandable calculations on big integers (HO
)
Package: bitset 2016/05/16 v1.2 Handle bit-vector datatype (HO)
Package: uniquecounter 2016/05/16 v1.3 Provide unlimited unique counter (HO)
)
Package hobsub Info: Skipping package `hobsub' (already loaded).
Package: letltxmacro 2016/05/16 v1.5 Let assignment for LaTeX macros (HO)
Package: hopatch 2016/05/16 v1.3 Wrapper for package hooks (HO)
Package: xcolor-patch 2016/05/16 xcolor patch
Package: atveryend 2016/05/16 v1.9 Hooks at the very end of document (HO)
Package atveryend Info: \enddocument detected (standard20110627).
Package: atbegshi 2016/06/09 v1.18 At begin shipout hook (HO)
Package: refcount 2016/05/16 v3.5 Data extraction from label references (HO)
Package: hycolor 2016/05/16 v1.8 Color options for hyperref/bookmark (HO)
)
(/usr/local/share/miktex-texmf/tex/latex/oberdiek/auxhook.sty
Package: auxhook 2016/05/16 v1.4 Hooks for auxiliary files (HO)
)
(/usr/local/share/miktex-texmf/tex/latex/oberdiek/kvoptions.sty
Package: kvoptions 2016/05/16 v3.12 Key value format for package options (HO)
)
\@linkdim=\dimen150
\Hy@linkcounter=\count117
\Hy@pagecounter=\count118

(/usr/local/share/miktex-texmf/tex/latex/hyperref/pd1enc.def
File: pd1enc.def 2017/03/14 v6.85a Hyperref: PDFDocEncoding definition (HO)
)
\Hy@SavedSpaceFactor=\count119

(/usr/local/share/miktex-texmf/tex/latex/00miktex/hyperref.cfg
File: hyperref.cfg 2002/06/06 v1.2 hyperref configuration of TeXLive
)
Package hyperref Info: Hyper figures OFF on input line 4498.
Package hyperref Info: Link nesting OFF on input line 4503.
Package hyperref Info: Hyper index ON on input line 4506.
Package hyperref Info: Plain pages OFF on input line 4513.
Package hyperref Info: Backreferencing OFF on input line 4518.
Package hyperref Info: Implicit mode ON; LaTeX internals redefined.
Package hyperref Info: Bookmarks ON on input line 4751.
\c@Hy@tempcnt=\count120
LaTeX Info: Redefining \url on input line 5104.
\XeTeXLinkMargin=\dimen151
\Fld@menulength=\count121
\Field@Width=\dimen152
\Fld@charsize=\dimen153
Package hyperref Info: Hyper figures OFF on input line 6358.
Package hyperref Info: Link nesting OFF on input line 6363.
Package hyperref Info: Hyper index ON on input line 6366.
Package hyperref Info: backreferencing OFF on input line 6373.
Package hyperref Info: Link coloring OFF on input line 6378.
Package hyperref Info: Link coloring with OCG OFF on input line 6383.
Package hyperref Info: PDF/A mode OFF on input line 6388.
LaTeX Info: Redefining \ref on input line 6428.
LaTeX Info: Redefining \pageref on input line 6432.
\Hy@abspage=\count122
\c@Item=\count123
\c@Hfootnote=\count124
)

Package hyperref Message: Driver (autodetected): hpdftex.

(/usr/local/share/miktex-texmf/tex/latex/hyperref/hpdftex.def
File: hpdftex.def 2017/03/14 v6.85a Hyperref driver for pdfTeX
\Fld@listcount=\count125
\c@bookmark@seq@number=\count126

(/usr/local/share/miktex-texmf/tex/latex/oberdiek/rerunfilecheck.sty
Package: rerunfilecheck 2016/05/16 v1.8 Rerun checks for auxiliary files (HO)
Package uniquecounter Info: New unique counter `rerunfilecheck' on input line 2
82.
)
\Hy@SectionHShift=\skip54
)
(/usr/local/share/miktex-texmf/tex/latex/tools/indentfirst.sty
Package: indentfirst 1995/11/23 v1.03 Indent first paragraph (DPC)
)
(/Users/blueboy/.miktex/texmfs/install/tex/latex/subfigure/subfigure.sty
Package: subfigure 2002/07/30 v2.1.4 subfigure package
\subfigtopskip=\skip55
\subfigcapskip=\skip56
\subfigcaptopadj=\dimen154
\subfigbottomskip=\skip57
\subfigcapmargin=\dimen155
\subfiglabelskip=\skip58
\c@subfigure=\count127
\c@lofdepth=\count128
\c@subtable=\count129
\c@lotdepth=\count130

****************************************
* Local config file subfigure.cfg used *
****************************************
(/Users/blueboy/.miktex/texmfs/install/tex/latex/subfigure/subfigure.cfg)
\subfig@top=\skip59
\subfig@bottom=\skip60
)
(/usr/local/share/miktex-texmf/tex/latex/amsfonts/amssymb.sty
Package: amssymb 2013/01/14 v3.01 AMS font symbols

(/usr/local/share/miktex-texmf/tex/latex/amsfonts/amsfonts.sty
Package: amsfonts 2013/01/14 v3.01 Basic AMSFonts support
\symAMSa=\mathgroup4
\symAMSb=\mathgroup5
LaTeX Font Info:    Overwriting math alphabet `\mathfrak' in version `bold'
(Font)                  U/euf/m/n --> U/euf/b/n on input line 106.
))
(/Users/blueboy/.miktex/texmfs/install/tex/latex/algorithms/algorithmic.sty
Package: algorithmic 2009/08/24 v0.1 Document Style `algorithmic'

(/usr/local/share/miktex-texmf/tex/latex/base/ifthen.sty
Package: ifthen 2014/09/29 v1.1c Standard LaTeX ifthen package (DPC)
)
\c@ALC@unique=\count131
\c@ALC@line=\count132
\c@ALC@rem=\count133
\c@ALC@depth=\count134
\ALC@tlm=\skip61
\algorithmicindent=\skip62
)
(/Users/blueboy/.miktex/texmfs/install/tex/latex/algorithms/algorithm.sty
Package: algorithm 2009/08/24 v0.1 Document Style `algorithm' - floating enviro
nment

(/usr/local/share/miktex-texmf/tex/latex/float/float.sty
Package: float 2001/11/08 v1.3d Float enhancements (AL)
\c@float@type=\count135
\float@exts=\toks22
\float@box=\box56
\@float@everytoks=\toks23
\@floatcapt=\box57
)
\@float@every@algorithm=\toks24
\c@algorithm=\count136
)
\c@theorem=\count137
\c@lemma=\count138
\c@remark=\count139
\c@proposition=\count140
\c@corollary=\count141
 (FlowGAN-IJRA.aux)
\openout1 = `FlowGAN-IJRA.aux'.

LaTeX Font Info:    Checking defaults for OML/cmm/m/it on input line 58.
LaTeX Font Info:    ... okay on input line 58.
LaTeX Font Info:    Checking defaults for T1/cmr/m/n on input line 58.
LaTeX Font Info:    ... okay on input line 58.
LaTeX Font Info:    Checking defaults for OT1/cmr/m/n on input line 58.
LaTeX Font Info:    ... okay on input line 58.
LaTeX Font Info:    Checking defaults for OMS/cmsy/m/n on input line 58.
LaTeX Font Info:    ... okay on input line 58.
LaTeX Font Info:    Checking defaults for OMX/cmex/m/n on input line 58.
LaTeX Font Info:    ... okay on input line 58.
LaTeX Font Info:    Checking defaults for U/cmr/m/n on input line 58.
LaTeX Font Info:    ... okay on input line 58.
LaTeX Font Info:    Checking defaults for PD1/pdf/m/n on input line 58.
LaTeX Font Info:    ... okay on input line 58.
LaTeX Font Info:    Try loading font information for OT1+ptm on input line 58.

(/usr/local/share/miktex-texmf/tex/latex/psnfss/ot1ptm.fd
File: ot1ptm.fd 2001/06/04 font definitions for OT1/ptm.
)
*geometry* driver: auto-detecting
*geometry* detected driver: pdftex
*geometry* verbose mode - [ preamble ] result:
* driver: pdftex
* paper: letterpaper
* layout: <same size as paper>
* layoutoffset:(h,v)=(0.0pt,0.0pt)
* modes: 
* h-part:(L,W,R)=(72.26999pt, 469.75502pt, 72.26999pt)
* v-part:(T,H,B)=(72.26999pt, 650.43001pt, 72.26999pt)
* \paperwidth=614.295pt
* \paperheight=794.96999pt
* \textwidth=469.75502pt
* \textheight=650.43001pt
* \oddsidemargin=0.0pt
* \evensidemargin=0.0pt
* \topmargin=-37.0pt
* \headheight=12.0pt
* \headsep=25.0pt
* \topskip=12.0pt
* \footskip=30.0pt
* \marginparwidth=44.0pt
* \marginparsep=10.0pt
* \columnsep=10.0pt
* \skip\footins=10.8pt plus 4.0pt minus 2.0pt
* \hoffset=0.0pt
* \voffset=0.0pt
* \mag=1000
* \@twocolumnfalse
* \@twosidefalse
* \@mparswitchfalse
* \@reversemarginfalse
* (1in=72.27pt=25.4mm, 1cm=28.453pt)

(/Users/blueboy/.miktex/texmfs/install/tex/context/base/supp-pdf.mkii
[Loading MPS to PDF converter (version 2006.09.02).]
\scratchcounter=\count142
\scratchdimen=\dimen156
\scratchbox=\box58
\nofMPsegments=\count143
\nofMParguments=\count144
\everyMPshowfont=\toks25
\MPscratchCnt=\count145
\MPscratchDim=\dimen157
\MPnumerator=\count146
\makeMPintoPDFobject=\count147
\everyMPtoPDFconversion=\toks26
) (/usr/local/share/miktex-texmf/tex/latex/oberdiek/epstopdf-base.sty
Package: epstopdf-base 2016/05/15 v2.6 Base part for package epstopdf

(/usr/local/share/miktex-texmf/tex/latex/oberdiek/grfext.sty
Package: grfext 2016/05/16 v1.2 Manage graphics extensions (HO)
)
Package epstopdf-base Info: Redefining graphics rule for `.eps' on input line 4
38.
Package grfext Info: Graphics extension search list:
(grfext)             [.pdf,.jpeg,.png,.eps]
(grfext)             \AppendGraphicsExtensions on input line 456.
)
\AtBeginShipoutBox=\box59
Package hyperref Info: Link coloring OFF on input line 58.

(/usr/local/share/miktex-texmf/tex/latex/hyperref/nameref.sty
Package: nameref 2016/05/21 v2.44 Cross-referencing by name of section

(/usr/local/share/miktex-texmf/tex/generic/oberdiek/gettitlestring.sty
Package: gettitlestring 2016/05/16 v1.5 Cleanup title references (HO)
)
\c@section@level=\count148
)
LaTeX Info: Redefining \ref on input line 58.
LaTeX Info: Redefining \pageref on input line 58.
LaTeX Info: Redefining \nameref on input line 58.

(FlowGAN-IJRA.out) (FlowGAN-IJRA.out)
\@outlinefile=\write3
\openout3 = `FlowGAN-IJRA.out'.

LaTeX Font Info:    Try loading font information for U+msa on input line 98.

(/usr/local/share/miktex-texmf/tex/latex/amsfonts/umsa.fd
File: umsa.fd 2013/01/14 v3.01 AMS symbols A
)
LaTeX Font Info:    Try loading font information for U+msb on input line 98.

(/usr/local/share/miktex-texmf/tex/latex/amsfonts/umsb.fd
File: umsb.fd 2013/01/14 v3.01 AMS symbols B
)
LaTeX Font Info:    Font shape `OT1/ptm/bx/n' in size <12> not available
(Font)              Font shape `OT1/ptm/b/n' tried instead on input line 102.
 [1

{/Users/blueboy/.miktex/texmfs/data/pdftex/config/pdftex.map}] [2] [3]
LaTeX Font Info:    Font shape `OT1/ptm/bx/it' in size <12> not available
(Font)              Font shape `OT1/ptm/b/it' tried instead on input line 128.
 [4]

pdfTeX warning: pdflatex (file ./figures/Fig_1_basicGAN.pdf): PDF inclusion: fo
und PDF version <1.7>, but at most version <1.5> allowed
<figures/Fig_1_basicGAN.pdf, id=148, 537.57135pt x 335.7082pt>
File: figures/Fig_1_basicGAN.pdf Graphic file (type pdf)
<use figures/Fig_1_basicGAN.pdf>
Package pdftex.def Info: figures/Fig_1_basicGAN.pdf  used on input line 137.
(pdftex.def)             Requested size: 433.62pt x 270.79521pt.
[5pdfTeX warning (ext4): destination with the same identifier (name{figure.1}) 
has been already used, duplicate ignored

\AtBegShi@Output ...ipout \box \AtBeginShipoutBox 
                                                  \fi \fi 
l.149 
       <./figures/Fig_1_basicGAN.pdf>] [6]

pdfTeX warning: pdflatex (file ./figures/Fig_2_flowgan_framework.pdf): PDF incl
usion: found PDF version <1.7>, but at most version <1.5> allowed
<figures/Fig_2_flowgan_framework.pdf, id=199, 783.0248pt x 398.3713pt>
File: figures/Fig_2_flowgan_framework.pdf Graphic file (type pdf)
<use figures/Fig_2_flowgan_framework.pdf>
Package pdftex.def Info: figures/Fig_2_flowgan_framework.pdf  used on input lin
e 169.
(pdftex.def)             Requested size: 433.62pt x 220.6124pt.


pdfTeX warning: pdflatex (file ./figures/Fig_3_flowgan_methodology.pdf): PDF in
clusion: found PDF version <1.7>, but at most version <1.5> allowed
<figures/Fig_3_flowgan_methodology.pdf, id=201, 779.7329pt x 385.75116pt>
File: figures/Fig_3_flowgan_methodology.pdf Graphic file (type pdf)
<use figures/Fig_3_flowgan_methodology.pdf>
Package pdftex.def Info: figures/Fig_3_flowgan_methodology.pdf  used on input l
ine 180.
(pdftex.def)             Requested size: 433.62pt x 214.5241pt.
[7pdfTeX warning (ext4): destination with the same identifier (name{figure.2}) 
has been already used, duplicate ignored

\AtBegShi@Output ...ipout \box \AtBeginShipoutBox 
                                                  \fi \fi 
l.187 \begin{equation}
                       <./figures/Fig_2_flowgan_framework.pdf>] [8pdfTeX warnin
g (ext4): destination with the same identifier (name{figure.3}) has been alread
y used, duplicate ignored

\AtBegShi@Output ...ipout \box \AtBeginShipoutBox 
                                                  \fi \fi 
l.196 T
       o start the training process, training parameters are set as \{$N_e$,...
 <./figures/Fig_3_flowgan_methodology.pdf>]
LaTeX Font Info:    Try loading font information for OMS+ptm on input line 196.


(/usr/local/share/miktex-texmf/tex/latex/psnfss/omsptm.fd
File: omsptm.fd 
)
LaTeX Font Info:    Font shape `OMS/ptm/m/n' in size <12> not available
(Font)              Font shape `OMS/cmsy/m/n' tried instead on input line 196.
Package hyperref Info: bookmark level for unknown algorithm defaults to 0 on in
put line 201.
 [9]
LaTeX Font Info:    Calculating math sizes for size <6.5> on input line 264.


LaTeX Font Warning: Font shape `OT1/cmr/m/n' in size <6.5> not available
(Font)              size <6> substituted on input line 264.


LaTeX Font Warning: Font shape `OT1/cmr/m/n' in size <4.54997> not available
(Font)              size <5> substituted on input line 264.


LaTeX Font Warning: Font shape `OT1/cmr/m/n' in size <3.25> not available
(Font)              size <5> substituted on input line 264.


LaTeX Font Warning: Font shape `OML/cmm/m/it' in size <6.5> not available
(Font)              size <6> substituted on input line 264.


LaTeX Font Warning: Font shape `OML/cmm/m/it' in size <4.54997> not available
(Font)              size <5> substituted on input line 264.


LaTeX Font Warning: Font shape `OML/cmm/m/it' in size <3.25> not available
(Font)              size <5> substituted on input line 264.


LaTeX Font Warning: Font shape `OMS/cmsy/m/n' in size <6.5> not available
(Font)              size <6> substituted on input line 264.


LaTeX Font Warning: Font shape `OMS/cmsy/m/n' in size <4.54997> not available
(Font)              size <5> substituted on input line 264.


LaTeX Font Warning: Font shape `OMS/cmsy/m/n' in size <3.25> not available
(Font)              size <5> substituted on input line 264.

LaTeX Font Info:    Font shape `OT1/ptm/bx/n' in size <6.5> not available
(Font)              Font shape `OT1/ptm/b/n' tried instead on input line 266.
[10] [11pdfTeX warning (ext4): destination with the same identifier (name{table
.1}) has been already used, duplicate ignored

\AtBegShi@Output ...ipout \box \AtBeginShipoutBox 
                                                  \fi \fi 
l.309 	\item \textbf
                    {\emph{Precision}}: precision $r_{p}$ is the ratio of \e...
] [12]

pdfTeX warning: pdflatex (file ./figures/AIM_chats_gan_loss.pdf): PDF inclusion
: found PDF version <1.7>, but at most version <1.5> allowed
<figures/AIM_chats_gan_loss.pdf, id=279, 592.6185pt x 453.24352pt>
File: figures/AIM_chats_gan_loss.pdf Graphic file (type pdf)
<use figures/AIM_chats_gan_loss.pdf>
Package pdftex.def Info: figures/AIM_chats_gan_loss.pdf  used on input line 383
.
(pdftex.def)             Requested size: 166.2212pt x 127.12862pt.

Overfull \hbox (11.2012pt too wide) in paragraph at lines 383--383
 [][] 
 []



pdfTeX warning: pdflatex (file ./figures/ICQ_chats_gan_loss.pdf): PDF inclusion
: found PDF version <1.7>, but at most version <1.5> allowed
<figures/ICQ_chats_gan_loss.pdf, id=280, 580.54703pt x 448.8541pt>
File: figures/ICQ_chats_gan_loss.pdf Graphic file (type pdf)
<use figures/ICQ_chats_gan_loss.pdf>
Package pdftex.def Info: figures/ICQ_chats_gan_loss.pdf  used on input line 391
.
(pdftex.def)             Requested size: 166.2212pt x 128.51375pt.

Overfull \hbox (11.2012pt too wide) in paragraph at lines 391--391
 [][] 
 []



pdfTeX warning: pdflatex (file ./figures/hangout_chat_4b_gan_loss.pdf): PDF inc
lusion: found PDF version <1.7>, but at most version <1.5> allowed
<figures/hangout_chat_4b_gan_loss.pdf, id=281, 593.16724pt x 448.30466pt>
File: figures/hangout_chat_4b_gan_loss.pdf Graphic file (type pdf)
<use figures/hangout_chat_4b_gan_loss.pdf>
Package pdftex.def Info: figures/hangout_chat_4b_gan_loss.pdf  used on input li
ne 398.
(pdftex.def)             Requested size: 166.2212pt x 125.62704pt.

Overfull \hbox (11.2012pt too wide) in paragraph at lines 398--398
 [][] 
 []


Overfull \hbox (4.305pt too wide) in paragraph at lines 383--398
 [][][][][][] 
 []



pdfTeX warning: pdflatex (file ./figures/Precision-compare.pdf): PDF inclusion:
 found PDF version <1.7>, but at most version <1.5> allowed
<figures/Precision-compare.pdf, id=283, 648.5881pt x 320.45322pt>
File: figures/Precision-compare.pdf Graphic file (type pdf)
<use figures/Precision-compare.pdf>
Package pdftex.def Info: figures/Precision-compare.pdf  used on input line 433.

(pdftex.def)             Requested size: 166.2212pt x 82.12277pt.

Overfull \hbox (11.2012pt too wide) in paragraph at lines 433--433
 [][] 
 []



pdfTeX warning: pdflatex (file ./figures/Recall-compare.pdf): PDF inclusion: fo
und PDF version <1.7>, but at most version <1.5> allowed
<figures/Recall-compare.pdf, id=284, 643.1016pt x 312.22246pt>
File: figures/Recall-compare.pdf Graphic file (type pdf)
<use figures/Recall-compare.pdf>
Package pdftex.def Info: figures/Recall-compare.pdf  used on input line 441.
(pdftex.def)             Requested size: 166.2212pt x 80.69951pt.

Overfull \hbox (11.2012pt too wide) in paragraph at lines 441--441
 [][] 
 []



pdfTeX warning: pdflatex (file ./figures/F1-compare.pdf): PDF inclusion: found 
PDF version <1.7>, but at most version <1.5> allowed
<figures/F1-compare.pdf, id=285, 644.19774pt x 325.9397pt>
File: figures/F1-compare.pdf Graphic file (type pdf)
<use figures/F1-compare.pdf>
Package pdftex.def Info: figures/F1-compare.pdf  used on input line 448.
(pdftex.def)             Requested size: 166.2212pt x 84.10074pt.

Overfull \hbox (11.2012pt too wide) in paragraph at lines 448--448
 [][] 
 []


Overfull \hbox (4.305pt too wide) in paragraph at lines 433--448
 [][][][][][] 
 []

[13pdfTeX warning (ext4): destination with the same identifier (name{table.2}) 
has been already used, duplicate ignored

\AtBegShi@Output ...ipout \box \AtBeginShipoutBox 
                                                  \fi \fi 
l.464 
      pdfTeX warning (ext4): destination with the same identifier (name{table.3
}) has been already used, duplicate ignored

\AtBegShi@Output ...ipout \box \AtBeginShipoutBox 
                                                  \fi \fi 
l.464 
      pdfTeX warning (ext4): destination with the same identifier (name{figure.
4}) has been already used, duplicate ignored

\AtBegShi@Output ...ipout \box \AtBeginShipoutBox 
                                                  \fi \fi 
l.464 
       <./figures/AIM_chats_gan_loss.pdf> <./figures/ICQ_chats_gan_loss.pdf> <.
/figures/hangout_chat_4b_gan_loss.pdf>] (FlowGAN-IJRA.bbl [14pdfTeX warning (ex
t4): destination with the same identifier (name{table.4}) has been already used
, duplicate ignored

\AtBegShi@Output ...ipout \box \AtBeginShipoutBox 
                                                  \fi \fi 
l.29 \bibitem{PhoneNumber}
                          pdfTeX warning (ext4): destination with the same iden
tifier (name{figure.5}) has been already used, duplicate ignored

\AtBegShi@Output ...ipout \box \AtBeginShipoutBox 
                                                  \fi \fi 
l.29 \bibitem{PhoneNumber}
                           <./figures/Precision-compare.pdf> <./figures/Recall-
compare.pdf> <./figures/F1-compare.pdf>]
Missing character: There is no Ã in font ptmr7t!
Missing character: There is no © in font ptmr7t!
 [15])
<figures/wp.jpeg, id=328, 99.4917pt x 127.9179pt>
File: figures/wp.jpeg Graphic file (type jpg)
<use figures/wp.jpeg>
Package pdftex.def Info: figures/wp.jpeg  used on input line 485.
(pdftex.def)             Requested size: 72.26999pt x 92.92448pt.
 [16 <./figures/wp.jpeg>]
<figures/wzx.jpeg, id=333, 115.632pt x 154.176pt>
File: figures/wzx.jpeg Graphic file (type jpg)
<use figures/wzx.jpeg>
Package pdftex.def Info: figures/wzx.jpeg  used on input line 491.
(pdftex.def)             Requested size: 72.26999pt x 96.36444pt.
<figures/li.jpeg, id=334, 93.951pt x 136.5903pt>
File: figures/li.jpeg Graphic file (type jpg)
<use figures/li.jpeg>
Package pdftex.def Info: figures/li.jpeg  used on input line 497.
(pdftex.def)             Requested size: 72.26999pt x 105.0748pt.
<figures/huang.jpeg, id=335, 101.178pt x 137.313pt>
File: figures/huang.jpeg Graphic file (type jpg)
<use figures/huang.jpeg>
Package pdftex.def Info: figures/huang.jpeg  used on input line 503.
(pdftex.def)             Requested size: 72.26999pt x 98.08585pt.

[17 <./figures/wzx.jpeg> <./figures/li.jpeg> <./figures/huang.jpeg>]
<figures/feng.jpeg, id=340, 277.035pt x 415.5525pt>
File: figures/feng.jpeg Graphic file (type jpg)
<use figures/feng.jpeg>
Package pdftex.def Info: figures/feng.jpeg  used on input line 508.
(pdftex.def)             Requested size: 72.26999pt x 108.40253pt.
Package atveryend Info: Empty hook `BeforeClearDocument' on input line 512.
 [18 <./figures/feng.jpeg>]
Package atveryend Info: Empty hook `AfterLastShipout' on input line 512.
 (FlowGAN-IJRA.aux)
Package atveryend Info: Executing hook `AtVeryEndDocument' on input line 512.
Package atveryend Info: Executing hook `AtEndAfterFileList' on input line 512.
Package rerunfilecheck Info: File `FlowGAN-IJRA.out' has not changed.
(rerunfilecheck)             Checksum: 4D927FCB3187833189604702209EC9F5;1958.


LaTeX Font Warning: Size substitutions with differences
(Font)              up to 1.75pt have occurred.

Package atveryend Info: Empty hook `AtVeryVeryEnd' on input line 512.
 ) 
Here is how much of TeX's memory you used:
 8191 strings out of 495207
 118203 string characters out of 3181523
 215305 words of memory out of 3000000
 11246 multiletter control sequences out of 15000+200000
 29639 words of font info for 75 fonts, out of 3000000 for 9000
 14 hyphenation exceptions out of 8191
 28i,12n,32p,1733b,580s stack positions out of 5000i,500n,10000p,200000b,50000s
{/usr/local/share/miktex-texmf/fonts/enc/dvips/base/8r.enc}</usr/local/share/
miktex-texmf/fonts/type1/public/amsfonts/cm/cmmi12.pfb></usr/local/share/miktex
-texmf/fonts/type1/public/amsfonts/cm/cmmi6.pfb></usr/local/share/miktex-texmf/
fonts/type1/public/amsfonts/cm/cmmi8.pfb></usr/local/share/miktex-texmf/fonts/t
ype1/public/amsfonts/cm/cmr10.pfb></usr/local/share/miktex-texmf/fonts/type1/pu
blic/amsfonts/cm/cmr12.pfb></usr/local/share/miktex-texmf/fonts/type1/public/am
sfonts/cm/cmr8.pfb></usr/local/share/miktex-texmf/fonts/type1/public/amsfonts/c
m/cmsy10.pfb></usr/local/share/miktex-texmf/fonts/type1/public/amsfonts/cm/cmsy
8.pfb></usr/local/share/miktex-texmf/fonts/type1/public/amsfonts/symbols/msbm10
.pfb></usr/local/share/miktex-texmf/fonts/type1/urw/times/utmb8a.pfb></usr/loca
l/share/miktex-texmf/fonts/type1/urw/times/utmbi8a.pfb></usr/local/share/miktex
-texmf/fonts/type1/urw/times/utmr8a.pfb></usr/local/share/miktex-texmf/fonts/ty
pe1/urw/times/utmri8a.pfb>
Output written on FlowGAN-IJRA.pdf (18 pages, 1701618 bytes).
PDF statistics:
 411 PDF objects out of 1000 (max. 8388607)
 105 named destinations out of 1000 (max. 500000)
 263 words of extra memory for PDF output out of 10000 (max. 10000000)

