\BOOKMARK [1][-]{section.1}{Introduction}{}% 1
\BOOKMARK [1][-]{section.2}{Related works}{}% 2
\BOOKMARK [2][-]{subsection.2.1}{Deep Learning based Traffic Classification}{section.2}% 3
\BOOKMARK [2][-]{subsection.2.2}{Methods for handling imbalanced data}{section.2}% 4
\BOOKMARK [1][-]{section.3}{GAN}{}% 5
\BOOKMARK [2][-]{subsection.3.1}{Overview of GAN}{section.3}% 6
\BOOKMARK [2][-]{subsection.3.2}{The application of GAN in generating traffic data samples}{section.3}% 7
\BOOKMARK [1][-]{section.4}{FlowGAN - GAN based traffic data generating method}{}% 8
\BOOKMARK [2][-]{subsection.4.1}{The Framework of FlowGAN Based Encrypted Traffic Classification}{section.4}% 9
\BOOKMARK [2][-]{subsection.4.2}{The Methodology of FlowGAN}{section.4}% 10
\BOOKMARK [3][-]{subsubsection.4.2.1}{Raw PCAP Files Pre-processing}{subsection.4.2}% 11
\BOOKMARK [3][-]{subsubsection.4.2.2}{GAN Model Training}{subsection.4.2}% 12
\BOOKMARK [3][-]{subsubsection.4.2.3}{Data Balancing}{subsection.4.2}% 13
\BOOKMARK [1][-]{section.5}{Evaluation and Experimental Results}{}% 14
\BOOKMARK [2][-]{subsection.5.1}{Experiment Settings}{section.5}% 15
\BOOKMARK [3][-]{subsubsection.5.1.1}{Dataset for Evaluation}{subsection.5.1}% 16
\BOOKMARK [3][-]{subsubsection.5.1.2}{Configurations of the Computing Platform}{subsection.5.1}% 17
\BOOKMARK [3][-]{subsubsection.5.1.3}{Description of deep learning based network traffic classifier}{subsection.5.1}% 18
\BOOKMARK [3][-]{subsubsection.5.1.4}{Performance Metrics}{subsection.5.1}% 19
\BOOKMARK [2][-]{subsection.5.2}{The Performance of FlowGAN}{section.5}% 20
\BOOKMARK [3][-]{subsubsection.5.2.1}{FlowGAN Model Architecture}{subsection.5.2}% 21
\BOOKMARK [3][-]{subsubsection.5.2.2}{Loss of Generator and Discriminator Network of FlowGAN}{subsection.5.2}% 22
\BOOKMARK [2][-]{subsection.5.3}{The performance of MLP-based Network Traffic Classifier}{section.5}% 23
\BOOKMARK [1][-]{section.6}{Conclusion and Future work}{}% 24
